<?xml version="1.0" encoding="UTF-8"?>
<!-- Generated by org.testng.reporters.JUnitReportReporter -->
<testsuite hostname="DESKTOP-9NGQBQ3" failures="0" tests="1" name="TestFunction.Logout" time="4.229" errors="0" timestamp="2024-05-30T00:36:38 ICT" skipped="0">
  <testcase classname="TestFunction.Logout" name="logoutCheck" time="4.229"/>
</testsuite> <!-- TestFunction.Logout -->
