<?xml version="1.0" encoding="UTF-8"?>
<!-- Generated by org.testng.reporters.JUnitReportReporter -->
<testsuite hostname="DESKTOP-9NGQBQ3" failures="0" tests="4" name="Testcheck.Login_Firstcheck" time="18.064" errors="0" timestamp="2024-04-23T10:15:25 ICT" skipped="0">
  <testcase classname="Testcheck.Login_Firstcheck" name="loginByUser" time="6.362"/>
  <testcase classname="Testcheck.Login_Firstcheck" name="loginWithBlankField" time="3.101"/>
  <testcase classname="Testcheck.Login_Firstcheck" name="loginWrongPassword" time="4.304"/>
  <testcase classname="Testcheck.Login_Firstcheck" name="loginWrongEmail" time="4.297"/>
</testsuite> <!-- Testcheck.Login_Firstcheck -->
