<?xml version="1.0" encoding="UTF-8"?>
<!-- Generated by org.testng.reporters.JUnitReportReporter -->
<testsuite hostname="DESKTOP-9NGQBQ3" failures="0" tests="2" name="TestFunction.ViewProductByCategory" time="8.778" errors="0" timestamp="2024-05-13T10:02:17 ICT" skipped="0">
  <testcase classname="TestFunction.ViewProductByCategory" name="categoryHasNoProduct" time="5.334"/>
  <testcase classname="TestFunction.ViewProductByCategory" name="categoryHasProduct" time="3.444"/>
</testsuite> <!-- TestFunction.ViewProductByCategory -->
