<?xml version="1.0" encoding="UTF-8"?>
<!-- Generated by org.testng.reporters.JUnitReportReporter -->
<testsuite hostname="DESKTOP-9NGQBQ3" failures="0" tests="1" name="TestFunction.ViewAccountDetails" time="3.478" errors="0" timestamp="2024-05-30T00:38:33 ICT" skipped="0">
  <testcase classname="TestFunction.ViewAccountDetails" name="viewAccountDetailCheck" time="3.478"/>
</testsuite> <!-- TestFunction.ViewAccountDetails -->
