<?xml version="1.0" encoding="UTF-8"?>
<!-- Generated by org.testng.reporters.JUnitReportReporter -->
<testsuite hostname="DESKTOP-9NGQBQ3" failures="0" tests="2" name="TestFunction.ViewOrderHistory" time="6.827" errors="0" timestamp="2024-05-30T02:00:20 ICT" skipped="0">
  <testcase classname="TestFunction.ViewOrderHistory" name="viewOrderHistoryHasNoProduct" time="2.831"/>
  <testcase classname="TestFunction.ViewOrderHistory" name="viewOrderHistoryHasProduct" time="3.996"/>
</testsuite> <!-- TestFunction.ViewOrderHistory -->
