<?xml version="1.0" encoding="UTF-8"?>
<!-- Generated by org.testng.reporters.JUnitReportReporter -->
<testsuite hostname="DESKTOP-9NGQBQ3" failures="0" tests="3" name="TestFunction.Search" time="12.655" errors="0" timestamp="2024-05-13T10:00:38 ICT" skipped="0">
  <testcase classname="TestFunction.Search" name="searchWithNoName" time="3.407"/>
  <testcase classname="TestFunction.Search" name="searchWithIncorrectName" time="5.377"/>
  <testcase classname="TestFunction.Search" name="searchWithCorrectName" time="3.871"/>
</testsuite> <!-- TestFunction.Search -->
