<?xml version="1.0" encoding="UTF-8"?>
<!-- Generated by org.testng.reporters.JUnitReportReporter -->
<testsuite hostname="DESKTOP-9NGQBQ3" failures="0" tests="3" name="TestFunction.CartManagement" time="4.056" errors="0" timestamp="2024-05-30T01:51:22 ICT" skipped="2">
  <testcase classname="TestFunction.CartManagement" name="addNewProductToCart" time="4.056"/>
  <testcase classname="TestFunction.CartManagement" name="viewCartHasNoProduct">
    <skipped/>
  </testcase> <!-- viewCartHasNoProduct -->
  <testcase classname="TestFunction.CartManagement" name="viewCartHasProduct">
    <skipped/>
  </testcase> <!-- viewCartHasProduct -->
</testsuite> <!-- TestFunction.CartManagement -->
