<?xml version="1.0" encoding="UTF-8"?>
<!-- Generated by org.testng.reporters.JUnitReportReporter -->
<testsuite hostname="DESKTOP-9NGQBQ3" failures="0" tests="2" name="TestFunction.ViewOrderHistory" time="7.744" errors="0" timestamp="2024-05-13T10:04:44 ICT" skipped="0">
  <testcase classname="TestFunction.ViewOrderHistory" name="viewOrderHistoryHasNoProduct" time="5.009"/>
  <testcase classname="TestFunction.ViewOrderHistory" name="viewOrderHistoryHasProduct" time="2.735"/>
</testsuite> <!-- TestFunction.ViewOrderHistory -->
