<?xml version="1.0" encoding="UTF-8"?>
<!-- Generated by org.testng.reporters.JUnitReportReporter -->
<testsuite hostname="DESKTOP-9NGQBQ3" failures="0" tests="3" name="TestFunction.Search" time="7.097" errors="0" timestamp="2024-05-30T01:59:46 ICT" skipped="0">
  <testcase classname="TestFunction.Search" name="searchWithCorrectName" time="2.080"/>
  <testcase classname="TestFunction.Search" name="searchWithIncorrectName" time="2.355"/>
  <testcase classname="TestFunction.Search" name="searchWithNoName" time="2.662"/>
</testsuite> <!-- TestFunction.Search -->
