<?xml version="1.0" encoding="UTF-8"?>
<!-- Generated by org.testng.reporters.JUnitReportReporter -->
<testsuite hostname="DESKTOP-9NGQBQ3" failures="0" tests="1" name="TestFunction.Logout" time="10.441" errors="0" timestamp="2024-05-13T09:47:06 ICT" skipped="0">
  <testcase classname="TestFunction.Logout" name="logoutCheck" time="10.441"/>
</testsuite> <!-- TestFunction.Logout -->
