<?xml version="1.0" encoding="UTF-8"?>
<!-- Generated by org.testng.reporters.JUnitReportReporter -->
<testsuite hostname="DESKTOP-9NGQBQ3" failures="0" tests="4" name="TestFunction.Login" time="21.729" errors="0" timestamp="2024-05-04T19:36:23 ICT" skipped="0">
  <testcase classname="TestFunction.Login" name="loginWrongEmail" time="4.496"/>
  <testcase classname="TestFunction.Login" name="loginByUser" time="9.391"/>
  <testcase classname="TestFunction.Login" name="loginWrongPassword" time="4.458"/>
  <testcase classname="TestFunction.Login" name="loginWithBlankField" time="3.384"/>
</testsuite> <!-- TestFunction.Login -->
