<?xml version="1.0" encoding="UTF-8"?>
<!-- Generated by org.testng.reporters.JUnitReportReporter -->
<testsuite hostname="DESKTOP-9NGQBQ3" failures="0" tests="2" name="TestFunction.ViewProductDetail" time="5.875" errors="0" timestamp="2024-05-30T00:46:42 ICT" skipped="0">
  <testcase classname="TestFunction.ViewProductDetail" name="viewProductDetailNotLoggedIn" time="3.086"/>
  <testcase classname="TestFunction.ViewProductDetail" name="viewProductDetailLoggedIn" time="2.789"/>
</testsuite> <!-- TestFunction.ViewProductDetail -->
