<?xml version="1.0" encoding="UTF-8"?>
<!-- Generated by org.testng.reporters.JUnitReportReporter -->
<testsuite hostname="DESKTOP-9NGQBQ3" failures="0" tests="3" name="TestFunction.CartManagement" time="17.006" errors="0" timestamp="2024-05-13T09:50:51 ICT" skipped="0">
  <testcase classname="TestFunction.CartManagement" name="viewCartHasNoProduct" time="4.909"/>
  <testcase classname="TestFunction.CartManagement" name="addNewProductToCart" time="5.800"/>
  <testcase classname="TestFunction.CartManagement" name="viewCartHasProduct" time="6.297"/>
</testsuite> <!-- TestFunction.CartManagement -->
