<?xml version="1.0" encoding="UTF-8"?>
<!-- Generated by org.testng.reporters.JUnitReportReporter -->
<testsuite hostname="DESKTOP-9NGQBQ3" failures="0" tests="4" name="TestFunction.Login" time="9.446" errors="0" timestamp="2024-05-30T08:09:36 ICT" skipped="0">
  <testcase classname="TestFunction.Login" name="loginByUser" time="2.254"/>
  <testcase classname="TestFunction.Login" name="loginWrongEmail" time="2.924"/>
  <testcase classname="TestFunction.Login" name="loginWrongPassword" time="2.392"/>
  <testcase classname="TestFunction.Login" name="loginWithBlankField" time="1.876"/>
</testsuite> <!-- TestFunction.Login -->
