<?xml version="1.0" encoding="UTF-8"?>
<!-- Generated by org.testng.reporters.JUnitReportReporter -->
<testsuite hostname="DESKTOP-9NGQBQ3" failures="0" tests="3" name="TestFunction.Register" time="16.424" errors="0" timestamp="2024-05-04T19:37:40 ICT" skipped="0">
  <testcase classname="TestFunction.Register" name="registerByGuest" time="5.410"/>
  <testcase classname="TestFunction.Register" name="registerByExistedUser" time="5.857"/>
  <testcase classname="TestFunction.Register" name="registerWithBlankField" time="5.157"/>
</testsuite> <!-- TestFunction.Register -->
