<?xml version="1.0" encoding="UTF-8"?>
<!-- Generated by org.testng.reporters.JUnitReportReporter -->
<testsuite hostname="DESKTOP-9NGQBQ3" failures="0" tests="2" name="TestFunction.ViewProductDetail" time="10.761" errors="0" timestamp="2024-05-13T09:49:48 ICT" skipped="0">
  <testcase classname="TestFunction.ViewProductDetail" name="viewProductDetailLoggedIn" time="7.165"/>
  <testcase classname="TestFunction.ViewProductDetail" name="viewProductDetailNotLoggedIn" time="3.596"/>
</testsuite> <!-- TestFunction.ViewProductDetail -->
