<?xml version="1.0" encoding="UTF-8"?>
<!-- Generated by org.testng.reporters.JUnitReportReporter -->
<testsuite hostname="DESKTOP-9NGQBQ3" failures="0" tests="5" name="TestFunction.Purchase" time="8.099" errors="0" timestamp="2024-05-30T01:48:23 ICT" skipped="4">
  <testcase classname="TestFunction.Purchase" name="paymentByCash" time="8.099"/>
  <testcase classname="TestFunction.Purchase" name="paymentHasNoPaymentMethod">
    <skipped/>
  </testcase> <!-- paymentHasNoPaymentMethod -->
  <testcase classname="TestFunction.Purchase" name="paymentHasNoShippingMethod">
    <skipped/>
  </testcase> <!-- paymentHasNoShippingMethod -->
  <testcase classname="TestFunction.Purchase" name="paymentHasNoAddress">
    <skipped/>
  </testcase> <!-- paymentHasNoAddress -->
  <testcase classname="TestFunction.Purchase" name="paymentByCard">
    <skipped/>
  </testcase> <!-- paymentByCard -->
</testsuite> <!-- TestFunction.Purchase -->
