<?xml version="1.0" encoding="UTF-8"?>
<!-- Generated by org.testng.reporters.JUnitReportReporter -->
<testsuite hostname="DESKTOP-9NGQBQ3" failures="0" tests="1" name="TestFunction.ViewAccountDetails" time="6.766" errors="0" timestamp="2024-05-13T09:48:51 ICT" skipped="0">
  <testcase classname="TestFunction.ViewAccountDetails" name="viewAccountDetailCheck" time="6.766"/>
</testsuite> <!-- TestFunction.ViewAccountDetails -->
